<?xml version="1.0" encoding="UTF-8"?>
<!-- Generated by org.testng.reporters.JUnitXMLReporter -->
<testsuite ignored="0" hostname="SHAIK" failures="0" tests="5" name="Open Cart Home Page Test" time="41.404" errors="0" timestamp="2023-01-30T15:57:50 IST">
  <testcase classname="com.qa.basket.testCases.HomePageTest" name="homePageTitleTest" time="0.03"/>
  <testcase classname="com.qa.basket.testCases.HomePageTest" name="homePageUrlTest" time="0.026"/>
  <testcase classname="com.qa.basket.testCases.HomePageTest" name="searchTest" time="10.021"/>
  <testcase classname="com.qa.basket.testCases.HomePageTest" name="searchTest" time="6.039"/>
  <testcase classname="com.qa.basket.testCases.HomePageTest" name="searchTest" time="7.472"/>
</testsuite> <!-- Open Cart Home Page Test -->
