<?xml version="1.0" encoding="UTF-8"?>
<!-- Generated by org.testng.reporters.JUnitXMLReporter -->
<testsuite ignored="2" hostname="SHAIK" failures="0" tests="1" name="Default test" time="33.059" errors="0" timestamp="2023-01-16T15:34:07 IST">
  <testcase classname="com.qa.basket.testCases.HomePageTest" name="searchTest" time="6.942"/>
  <testcase classname="com.qa.basket.testCases.HomePageTest" name="homePageUrlTest" time="0.0">
    <ignored/>
  </testcase> <!-- homePageUrlTest -->
  <testcase classname="com.qa.basket.testCases.HomePageTest" name="homePageTitleTest" time="0.0">
    <ignored/>
  </testcase> <!-- homePageTitleTest -->
</testsuite> <!-- Default test -->
