<?xml version="1.0" encoding="UTF-8"?>
<!-- Generated by org.testng.reporters.JUnitXMLReporter -->
<testsuite ignored="0" hostname="SHAIK" failures="0" tests="5" name="Default test" time="56.204" errors="0" timestamp="2023-01-31T14:42:36 IST">
  <testcase classname="com.qa.basket.testCases.HomePageTest" name="homePageTitleTest" time="0.071"/>
  <testcase classname="com.qa.basket.testCases.HomePageTest" name="homePageUrlTest" time="0.011"/>
  <testcase classname="com.qa.basket.testCases.HomePageTest" name="searchTest" time="10.755"/>
  <testcase classname="com.qa.basket.testCases.HomePageTest" name="searchTest" time="8.475"/>
  <testcase classname="com.qa.basket.testCases.HomePageTest" name="searchTest" time="9.001"/>
</testsuite> <!-- Default test -->
