<?xml version="1.0" encoding="UTF-8"?>
<!-- Generated by org.testng.reporters.JUnitXMLReporter -->
<testsuite ignored="0" hostname="SHAIK" failures="0" tests="5" name="Open Cart Home Page Test" time="60.969" errors="0" timestamp="2023-01-31T13:42:23 IST">
  <testcase classname="com.qa.basket.testCases.HomePageTest" name="homePageTitleTest" time="0.075"/>
  <testcase classname="com.qa.basket.testCases.HomePageTest" name="homePageUrlTest" time="0.003"/>
  <testcase classname="com.qa.basket.testCases.HomePageTest" name="searchTest" time="12.433"/>
  <testcase classname="com.qa.basket.testCases.HomePageTest" name="searchTest" time="11.51"/>
  <testcase classname="com.qa.basket.testCases.HomePageTest" name="searchTest" time="9.99"/>
</testsuite> <!-- Open Cart Home Page Test -->
