<?xml version="1.0" encoding="UTF-8"?>
<testng-results ignored="2" total="3" passed="1" failed="0" skipped="0">
  <reporter-output>
  </reporter-output>
  <suite started-at="2023-01-16T15:33:34 IST" name="Default suite" finished-at="2023-01-16T15:34:07 IST" duration-ms="33059">
    <groups>
    </groups>
    <test started-at="2023-01-16T15:33:34 IST" name="Default test" finished-at="2023-01-16T15:34:07 IST" duration-ms="33059">
      <class name="com.qa.basket.testCases.HomePageTest">
        <test-method is-config="true" signature="setup()[pri:0, instance:com.qa.basket.testCases.HomePageTest@169e6180]" started-at="2023-01-16T15:33:34 IST" name="setup" finished-at="2023-01-16T15:33:59 IST" duration-ms="24827" status="PASS">
          <reporter-output>
          </reporter-output>
        </test-method> <!-- setup -->
        <test-method signature="searchTest()[pri:3, instance:com.qa.basket.testCases.HomePageTest@169e6180]" started-at="2023-01-16T15:33:59 IST" name="searchTest" finished-at="2023-01-16T15:34:06 IST" duration-ms="6942" status="PASS">
          <reporter-output>
          </reporter-output>
        </test-method> <!-- searchTest -->
        <test-method is-config="true" signature="teardown()[pri:0, instance:com.qa.basket.testCases.HomePageTest@169e6180]" started-at="2023-01-16T15:34:06 IST" name="teardown" finished-at="2023-01-16T15:34:07 IST" duration-ms="1154" status="PASS">
          <reporter-output>
          </reporter-output>
        </test-method> <!-- teardown -->
      </class> <!-- com.qa.basket.testCases.HomePageTest -->
    </test> <!-- Default test -->
  </suite> <!-- Default suite -->
</testng-results>
