<?xml version="1.0" encoding="UTF-8"?>
<testng-results ignored="0" total="5" passed="5" failed="0" skipped="0">
  <reporter-output>
  </reporter-output>
  <suite started-at="2023-01-31T14:41:40 IST" name="Default suite" finished-at="2023-01-31T14:42:36 IST" duration-ms="56204">
    <groups>
    </groups>
    <test started-at="2023-01-31T14:41:40 IST" name="Default test" finished-at="2023-01-31T14:42:36 IST" duration-ms="56204">
      <class name="com.qa.basket.testCases.HomePageTest">
        <test-method is-config="true" signature="setup()[pri:0, instance:com.qa.basket.testCases.HomePageTest@18d87d80]" started-at="2023-01-31T14:41:40 IST" name="setup" finished-at="2023-01-31T14:42:05 IST" duration-ms="25578" status="PASS">
          <reporter-output>
          </reporter-output>
        </test-method> <!-- setup -->
        <test-method signature="homePageTitleTest()[pri:1, instance:com.qa.basket.testCases.HomePageTest@18d87d80]" started-at="2023-01-31T14:42:05 IST" name="homePageTitleTest" finished-at="2023-01-31T14:42:05 IST" duration-ms="71" status="PASS">
          <reporter-output>
          </reporter-output>
        </test-method> <!-- homePageTitleTest -->
        <test-method signature="homePageUrlTest()[pri:2, instance:com.qa.basket.testCases.HomePageTest@18d87d80]" started-at="2023-01-31T14:42:06 IST" name="homePageUrlTest" finished-at="2023-01-31T14:42:06 IST" duration-ms="11" status="PASS">
          <reporter-output>
          </reporter-output>
        </test-method> <!-- homePageUrlTest -->
        <test-method signature="searchTest(java.lang.String)[pri:3, instance:com.qa.basket.testCases.HomePageTest@18d87d80]" started-at="2023-01-31T14:42:06 IST" name="searchTest" data-provider="getproviderdata" finished-at="2023-01-31T14:42:16 IST" duration-ms="10755" status="PASS">
          <params>
            <param index="0">
              <value>
                <![CDATA[fruits]]>
              </value>
            </param>
          </params>
          <reporter-output>
          </reporter-output>
        </test-method> <!-- searchTest -->
        <test-method signature="searchTest(java.lang.String)[pri:3, instance:com.qa.basket.testCases.HomePageTest@18d87d80]" started-at="2023-01-31T14:42:16 IST" name="searchTest" data-provider="getproviderdata" finished-at="2023-01-31T14:42:25 IST" duration-ms="8475" status="PASS">
          <params>
            <param index="0">
              <value>
                <![CDATA[banana]]>
              </value>
            </param>
          </params>
          <reporter-output>
          </reporter-output>
        </test-method> <!-- searchTest -->
        <test-method signature="searchTest(java.lang.String)[pri:3, instance:com.qa.basket.testCases.HomePageTest@18d87d80]" started-at="2023-01-31T14:42:25 IST" name="searchTest" data-provider="getproviderdata" finished-at="2023-01-31T14:42:34 IST" duration-ms="9001" status="PASS">
          <params>
            <param index="0">
              <value>
                <![CDATA[mango]]>
              </value>
            </param>
          </params>
          <reporter-output>
          </reporter-output>
        </test-method> <!-- searchTest -->
        <test-method is-config="true" signature="teardown()[pri:0, instance:com.qa.basket.testCases.HomePageTest@18d87d80]" started-at="2023-01-31T14:42:34 IST" name="teardown" finished-at="2023-01-31T14:42:36 IST" duration-ms="2110" status="PASS">
          <reporter-output>
          </reporter-output>
        </test-method> <!-- teardown -->
      </class> <!-- com.qa.basket.testCases.HomePageTest -->
    </test> <!-- Default test -->
  </suite> <!-- Default suite -->
</testng-results>
